<?xml version="1.0" encoding="UTF-8"?>
<!-- Generated by org.testng.reporters.JUnitXMLReporter -->
<testsuite hostname="Margosha" ignored="0" name="NegativeTest" tests="2" failures="1" timestamp="04 Mar 2019 01:49:09 GMT" time="14.324" errors="0">
  <testcase name="incorrectLogin" time="7.944" classname="com.herokuapp.theinternet.NegativeTests"/>
  <testcase name="incorrectPassword" time="6.367" classname="com.herokuapp.theinternet.NegativeTests">
    <failure type="java.lang.AssertionError" message="actualLoginFailedMessage does not contain expectedLoginFailedMessage
expectedFailedLoginMessage: Your username is invalid!
actualSuccessMessage: Your password is invalid!
× expected [true] but found [false]">
      <![CDATA[java.lang.AssertionError: actualLoginFailedMessage does not contain expectedLoginFailedMessage
expectedFailedLoginMessage: Your username is invalid!
actualSuccessMessage: Your password is invalid!
× expected [true] but found [false]
at com.herokuapp.theinternet.NegativeTests.incorrectPassword(NegativeTests.java:82)
... Removed 28 stack frames]]>
    </failure>
  </testcase> <!-- incorrectPassword -->
</testsuite> <!-- NegativeTest -->
