<?xml version="1.0" encoding="UTF-8"?>
<!-- Generated by org.testng.reporters.JUnitXMLReporter -->
<testsuite hostname="Margosha" ignored="1" name="NegativeTest" tests="1" failures="0" timestamp="04 Mar 2019 01:57:57 GMT" time="7.219" errors="0">
  <testcase name="incorrectPassword" time="7.188" classname="com.herokuapp.theinternet.NegativeTests"/>
  <testcase name="incorrectLogin" time="0.0" classname="com.herokuapp.theinternet.NegativeTests">
    <ignored/>
  </testcase> <!-- incorrectLogin -->
</testsuite> <!-- NegativeTest -->
